<?xml version="1.0" encoding="UTF-8"?>
<testng-results ignored="0" total="1" passed="1" failed="0" skipped="0">
  <reporter-output>
  </reporter-output>
  <suite started-at="2026-01-11T02:48:13 IST" name="Command line suite" finished-at="2026-01-11T02:48:37 IST" duration-ms="24164">
    <groups>
    </groups>
    <test started-at="2026-01-11T02:48:13 IST" name="Command line test" finished-at="2026-01-11T02:48:37 IST" duration-ms="24164">
      <class name="RakeshProject.Tests.SubmitOrderTest">
        <test-method signature="submitOrder()[pri:0, instance:RakeshProject.Tests.SubmitOrderTest@38364841]" started-at="2026-01-11T02:48:13 IST" name="submitOrder" finished-at="2026-01-11T02:48:37 IST" duration-ms="24112" status="PASS">
          <reporter-output>
          </reporter-output>
        </test-method> <!-- submitOrder -->
      </class> <!-- RakeshProject.Tests.SubmitOrderTest -->
    </test> <!-- Command line test -->
  </suite> <!-- Command line suite -->
</testng-results>
