<?xml version="1.0" encoding="UTF-8"?>
<!-- Generated by org.testng.reporters.JUnitXMLReporter -->
<testsuite ignored="0" hostname="RAKESH" failures="1" tests="1" name="Error Validation Test" time="15.198" errors="0" timestamp="2026-01-18T22:28:15 IST">
  <testcase classname="RakeshProject.Tests.ErrorValidationTest" name="logInCheck" time="1.044">
    <failure type="java.lang.AssertionError" message="expected [Incorrectemail or password.] but found [Incorrect email or password.]">
      <![CDATA[java.lang.AssertionError: expected [Incorrectemail or password.] but found [Incorrect email or password.]
at RakeshProject.Tests.ErrorValidationTest.logInCheck(ErrorValidationTest.java:22)
at java.base/java.util.ArrayList.forEach(ArrayList.java:1511)
at java.base/java.util.concurrent.FutureTask.run(FutureTask.java:264)
at java.base/java.util.concurrent.ThreadPoolExecutor.runWorker(ThreadPoolExecutor.java:1136)
at java.base/java.util.concurrent.ThreadPoolExecutor$Worker.run(ThreadPoolExecutor.java:635)
at java.base/java.lang.Thread.run(Thread.java:842)
... Removed 23 stack frames]]>
    </failure>
  </testcase> <!-- logInCheck -->
</testsuite> <!-- Error Validation Test -->
