<?xml version="1.0" encoding="UTF-8"?>
<!-- Generated by org.testng.reporters.JUnitXMLReporter -->
<testsuite ignored="0" hostname="RAKESH" failures="0" tests="4" name="SubmitOrder Test" time="93.214" errors="0" timestamp="2026-01-18T22:29:32 IST">
  <testcase classname="RakeshProject.Tests.SubmitOrderTest" name="submitOrderTest" time="26.549"/>
  <testcase classname="RakeshProject.Tests.SubmitOrderTest" name="submitOrderTest" time="26.943"/>
  <testcase classname="RakeshProject.Tests.SubmitOrderTest" name="orderHistoryTest" time="1.299"/>
  <testcase classname="RakeshProject.Tests.SubmitOrderTest" name="orderHistoryTest" time="1.164"/>
</testsuite> <!-- SubmitOrder Test -->
