<?xml version="1.0" encoding="UTF-8"?>
<testng-results ignored="0" total="3" passed="3" failed="0" skipped="0">
  <reporter-output>
  </reporter-output>
  <suite started-at="2026-01-14T20:02:48 IST" name="Suite" finished-at="2026-01-14T20:03:35 IST" duration-ms="46514">
    <groups>
    </groups>
    <test started-at="2026-01-14T20:02:48 IST" name="Error Validation Test" finished-at="2026-01-14T20:03:00 IST" duration-ms="12097">
      <class name="RakeshProject.Tests.ErrorValidationTest">
        <test-method is-config="true" signature="launchApp()[pri:0, instance:RakeshProject.Tests.ErrorValidationTest@6025e1b6]" started-at="2026-01-14T20:02:48 IST" name="launchApp" finished-at="2026-01-14T20:02:59 IST" duration-ms="10476" status="PASS">
          <reporter-output>
          </reporter-output>
        </test-method> <!-- launchApp -->
        <test-method signature="submitOrder()[pri:0, instance:RakeshProject.Tests.ErrorValidationTest@6025e1b6]" started-at="2026-01-14T20:02:59 IST" name="submitOrder" finished-at="2026-01-14T20:03:00 IST" duration-ms="917" status="PASS">
          <reporter-output>
          </reporter-output>
        </test-method> <!-- submitOrder -->
        <test-method is-config="true" signature="closeApp()[pri:0, instance:RakeshProject.Tests.ErrorValidationTest@6025e1b6]" started-at="2026-01-14T20:03:00 IST" name="closeApp" finished-at="2026-01-14T20:03:00 IST" duration-ms="625" status="PASS">
          <reporter-output>
          </reporter-output>
        </test-method> <!-- closeApp -->
      </class> <!-- RakeshProject.Tests.ErrorValidationTest -->
    </test> <!-- Error Validation Test -->
    <test started-at="2026-01-14T20:02:48 IST" name="SubmitOrder Test" finished-at="2026-01-14T20:03:35 IST" duration-ms="46514">
      <class name="RakeshProject.Tests.SubmitOrderTest">
        <test-method is-config="true" signature="launchApp()[pri:0, instance:RakeshProject.Tests.SubmitOrderTest@158d2680]" started-at="2026-01-14T20:02:48 IST" name="launchApp" finished-at="2026-01-14T20:02:58 IST" duration-ms="10008" status="PASS">
          <reporter-output>
          </reporter-output>
        </test-method> <!-- launchApp -->
        <test-method signature="submitOrderTest()[pri:0, instance:RakeshProject.Tests.SubmitOrderTest@158d2680]" started-at="2026-01-14T20:02:58 IST" name="submitOrderTest" finished-at="2026-01-14T20:03:25 IST" duration-ms="27211" status="PASS">
          <reporter-output>
          </reporter-output>
        </test-method> <!-- submitOrderTest -->
        <test-method is-config="true" signature="closeApp()[pri:0, instance:RakeshProject.Tests.SubmitOrderTest@158d2680]" started-at="2026-01-14T20:03:25 IST" name="closeApp" finished-at="2026-01-14T20:03:26 IST" duration-ms="130" status="PASS">
          <reporter-output>
          </reporter-output>
        </test-method> <!-- closeApp -->
        <test-method is-config="true" signature="launchApp()[pri:0, instance:RakeshProject.Tests.SubmitOrderTest@158d2680]" started-at="2026-01-14T20:03:26 IST" name="launchApp" finished-at="2026-01-14T20:03:33 IST" duration-ms="7622" status="PASS">
          <reporter-output>
          </reporter-output>
        </test-method> <!-- launchApp -->
        <test-method signature="orderHistoryTest()[pri:0, instance:RakeshProject.Tests.SubmitOrderTest@158d2680]" started-at="2026-01-14T20:03:33 IST" name="orderHistoryTest" finished-at="2026-01-14T20:03:34 IST" depends-on-methods="RakeshProject.Tests.SubmitOrderTest.submitOrderTest" duration-ms="1321" status="PASS">
          <reporter-output>
          </reporter-output>
        </test-method> <!-- orderHistoryTest -->
        <test-method is-config="true" signature="closeApp()[pri:0, instance:RakeshProject.Tests.SubmitOrderTest@158d2680]" started-at="2026-01-14T20:03:34 IST" name="closeApp" finished-at="2026-01-14T20:03:35 IST" duration-ms="140" status="PASS">
          <reporter-output>
          </reporter-output>
        </test-method> <!-- closeApp -->
      </class> <!-- RakeshProject.Tests.SubmitOrderTest -->
    </test> <!-- SubmitOrder Test -->
  </suite> <!-- Suite -->
</testng-results>
