<?xml version="1.0" encoding="UTF-8"?>
<!-- Generated by org.testng.reporters.JUnitReportReporter -->
<testsuite hostname="RAKESH" failures="0" tests="2" name="RakeshProject.Tests.SubmitOrderTest" time="46.432" errors="0" timestamp="2026-01-14T20:03:35 IST" skipped="0">
  <testcase classname="RakeshProject.Tests.SubmitOrderTest" name="submitOrderTest" time="34.963"/>
  <testcase classname="RakeshProject.Tests.SubmitOrderTest" name="orderHistoryTest" time="11.469"/>
</testsuite> <!-- RakeshProject.Tests.SubmitOrderTest -->
